<?xml version="1.0" encoding="UTF-8"?>
<!-- Generated by org.testng.reporters.JUnitReportReporter -->
<testsuite hostname="Uttams-MacBook-Air.local" failures="0" tests="1" name="test.TestNGAppTest2" time="5.864" errors="0" timestamp="2024-03-26T19:43:46 CDT" skipped="0">
  <testcase classname="test.TestNGAppTest2" name="test" time="5.864"/>
</testsuite> <!-- test.TestNGAppTest2 -->
