<?xml version="1.0" encoding="UTF-8"?>
<!-- Generated by org.testng.reporters.JUnitReportReporter -->
<testsuite hostname="Uttams-MacBook-Air.local" failures="0" tests="6" name="test.TestNGDependencies" time="0.036" errors="0" timestamp="2024-03-30T19:32:13 CDT" skipped="0">
  <testcase classname="test.TestNGDependencies" name="test3" time="0.002"/>
  <testcase classname="test.TestNGDependencies" name="test4" time="0.004"/>
  <testcase classname="test.TestNGDependencies" name="test5" time="0.007"/>
  <testcase classname="test.TestNGDependencies" name="test6" time="0.003"/>
  <testcase classname="test.TestNGDependencies" name="test1" time="0.004"/>
  <testcase classname="test.TestNGDependencies" name="test2" time="0.016"/>
</testsuite> <!-- test.TestNGDependencies -->
