<?xml version="1.0" encoding="UTF-8"?>
<!-- Generated by org.testng.reporters.JUnitReportReporter -->
<testsuite hostname="Uttams-MacBook-Air.local" failures="0" tests="1" name="test.TestNGAppTest" time="5.711" errors="0" timestamp="2024-03-26T20:06:48 CDT" skipped="0">
  <testcase classname="test.TestNGAppTest" name="test" time="5.711"/>
</testsuite> <!-- test.TestNGAppTest -->
