<?xml version="1.0" encoding="UTF-8"?>
<!-- Generated by org.testng.reporters.JUnitReportReporter -->
<testsuite hostname="Uttams-MacBook-Air.local" failures="0" tests="1" name="test.RecordedFromKatalon" time="15.267" errors="0" timestamp="2024-04-01T19:01:04 CDT" skipped="0">
  <testcase classname="test.RecordedFromKatalon" name="test1" time="15.267"/>
</testsuite> <!-- test.RecordedFromKatalon -->
