<?xml version="1.0" encoding="UTF-8"?>
<!-- Generated by org.testng.reporters.JUnitReportReporter -->
<testsuite hostname="Uttams-Air.lan" failures="0" tests="5" name="test.TestNGPriority" time="0.023" errors="0" timestamp="2024-03-29T15:21:33 CDT" skipped="0">
  <testcase classname="test.TestNGPriority" name="testb" time="0.003"/>
  <testcase classname="test.TestNGPriority" name="testa" time="0.011"/>
  <testcase classname="test.TestNGPriority" name="test1" time="0.002"/>
  <testcase classname="test.TestNGPriority" name="test2" time="0.003"/>
  <testcase classname="test.TestNGPriority" name="test3" time="0.004"/>
</testsuite> <!-- test.TestNGPriority -->
