<?xml version="1.0" encoding="UTF-8"?>
<!-- Generated by org.testng.reporters.JUnitReportReporter -->
<testsuite hostname="Uttams-Air.lan" failures="0" tests="1" name="utils.ExcelDataProvider" time="6.780" errors="0" timestamp="2024-03-28T19:50:26 CDT" skipped="0">
  <testcase classname="utils.ExcelDataProvider" name="test1" time="6.780"/>
</testsuite> <!-- utils.ExcelDataProvider -->
