<?xml version="1.0" encoding="UTF-8"?>
<!-- Generated by org.testng.reporters.JUnitReportReporter -->
<testsuite hostname="Uttams-MacBook-Air.local" failures="0" tests="1" name="test.SeleniumWaits" time="23.820" errors="0" timestamp="2024-04-01T19:23:35 CDT" skipped="0">
  <testcase classname="test.SeleniumWaits" name="test1" time="23.820"/>
</testsuite> <!-- test.SeleniumWaits -->
