<?xml version="1.0" encoding="UTF-8"?>
<!-- Generated by org.testng.reporters.JUnitReportReporter -->
<testsuite hostname="Uttams-MacBook-Air.local" failures="0" tests="1" name="test.TestNGParameters" time="0.027" errors="0" timestamp="2024-03-30T18:57:34 CDT" skipped="0">
  <testcase classname="test.TestNGParameters" name="test" time="0.027"/>
</testsuite> <!-- test.TestNGParameters -->
