<?xml version="1.0" encoding="UTF-8"?>
<!-- Generated by org.testng.reporters.JUnitReportReporter -->
<testsuite hostname="Uttams-MacBook-Air.local" failures="0" tests="1" name="test.TestNGGrouping" time="0.022" errors="0" timestamp="2024-03-29T18:54:49 CDT" skipped="0">
  <testcase classname="test.TestNGGrouping" name="test4" time="0.022"/>
</testsuite> <!-- test.TestNGGrouping -->
