<?xml version="1.0" encoding="UTF-8"?>
<!-- Generated by org.testng.reporters.JUnitReportReporter -->
<testsuite hostname="Uttams-MacBook-Air.local" failures="0" tests="3" name="test.TestNGMultiBrowserPrallelTestingDemo" time="93.852" errors="0" timestamp="2024-03-29T17:30:59 CDT" skipped="0">
  <testcase classname="test.TestNGMultiBrowserPrallelTestingDemo" name="test" time="33.848"/>
  <testcase classname="test.TestNGMultiBrowserPrallelTestingDemo" name="test" time="29.400"/>
  <testcase classname="test.TestNGMultiBrowserPrallelTestingDemo" name="test" time="30.604"/>
</testsuite> <!-- test.TestNGMultiBrowserPrallelTestingDemo -->
