<?xml version="1.0" encoding="UTF-8"?>
<!-- Generated by org.testng.reporters.JUnitReportReporter -->
<testsuite hostname="Uttams-MacBook-Air.local" failures="0" tests="2" name="test.TestNGIgnore" time="0.016" errors="0" timestamp="2024-03-30T19:47:15 CDT" skipped="1">
  <testcase classname="test.TestNGIgnore" name="test2" time="0.016"/>
  <testcase classname="test.TestNGIgnore" name="test">
    <skipped/>
  </testcase> <!-- test -->
</testsuite> <!-- test.TestNGIgnore -->
